<?xml version="1.0" encoding="UTF-8"?>
<!-- Generated by org.testng.reporters.JUnitXMLReporter -->
<testsuite ignored="0" hostname="USLASDTANDELV" failures="0" tests="3" name="Default test" time="39.227" errors="0" timestamp="02 Oct 2019 16:06:13 GMT">
  <testcase classname="igt.tableMountain.qa.testcases.LoginPageTest" name="loginPageTitiletest" time="0.017"/>
  <testcase classname="igt.tableMountain.qa.testcases.LoginPageTest" name="igtLogoTest" time="0.234"/>
  <testcase classname="igt.tableMountain.qa.testcases.LoginPageTest" name="loginTest" time="0.625"/>
</testsuite> <!-- Default test -->
