<?xml version="1.0" encoding="UTF-8"?>
<testng-results skipped="0" failed="0" ignored="0" total="3" passed="3">
  <reporter-output>
  </reporter-output>
  <suite name="igt.tableMountain.qa.testcases.LoginPageTest" duration-ms="38740" started-at="2019-10-03T20:30:56Z" finished-at="2019-10-03T20:31:34Z">
    <groups>
    </groups>
    <test name="Command line test" duration-ms="38740" started-at="2019-10-03T20:30:56Z" finished-at="2019-10-03T20:31:34Z">
      <class name="igt.tableMountain.qa.testcases.LoginPageTest">
        <test-method status="PASS" signature="setUp()[pri:0, instance:igt.tableMountain.qa.testcases.LoginPageTest@6b2fad11]" name="setUp" is-config="true" duration-ms="11833" started-at="2019-10-03T13:30:56Z" finished-at="2019-10-03T13:31:07Z">
          <reporter-output>
          </reporter-output>
        </test-method> <!-- setUp -->
        <test-method status="PASS" signature="loginPageTitiletest()[pri:1, instance:igt.tableMountain.qa.testcases.LoginPageTest@6b2fad11]" name="loginPageTitiletest" duration-ms="38" started-at="2019-10-03T13:31:07Z" finished-at="2019-10-03T13:31:07Z">
          <reporter-output>
          </reporter-output>
        </test-method> <!-- loginPageTitiletest -->
        <test-method status="PASS" signature="tearDown()[pri:0, instance:igt.tableMountain.qa.testcases.LoginPageTest@6b2fad11]" name="tearDown" is-config="true" duration-ms="4371" started-at="2019-10-03T13:31:07Z" finished-at="2019-10-03T13:31:12Z">
          <reporter-output>
          </reporter-output>
        </test-method> <!-- tearDown -->
        <test-method status="PASS" signature="setUp()[pri:0, instance:igt.tableMountain.qa.testcases.LoginPageTest@6b2fad11]" name="setUp" is-config="true" duration-ms="10688" started-at="2019-10-03T13:31:12Z" finished-at="2019-10-03T13:31:22Z">
          <reporter-output>
          </reporter-output>
        </test-method> <!-- setUp -->
        <test-method status="PASS" signature="igtLogoTest()[pri:2, instance:igt.tableMountain.qa.testcases.LoginPageTest@6b2fad11]" name="igtLogoTest" duration-ms="192" started-at="2019-10-03T13:31:22Z" finished-at="2019-10-03T13:31:23Z">
          <reporter-output>
          </reporter-output>
        </test-method> <!-- igtLogoTest -->
        <test-method status="PASS" signature="tearDown()[pri:0, instance:igt.tableMountain.qa.testcases.LoginPageTest@6b2fad11]" name="tearDown" is-config="true" duration-ms="165" started-at="2019-10-03T13:31:23Z" finished-at="2019-10-03T13:31:23Z">
          <reporter-output>
          </reporter-output>
        </test-method> <!-- tearDown -->
        <test-method status="PASS" signature="setUp()[pri:0, instance:igt.tableMountain.qa.testcases.LoginPageTest@6b2fad11]" name="setUp" is-config="true" duration-ms="10695" started-at="2019-10-03T13:31:23Z" finished-at="2019-10-03T13:31:34Z">
          <reporter-output>
          </reporter-output>
        </test-method> <!-- setUp -->
        <test-method status="PASS" signature="loginTest()[pri:3, instance:igt.tableMountain.qa.testcases.LoginPageTest@6b2fad11]" name="loginTest" duration-ms="555" started-at="2019-10-03T13:31:34Z" finished-at="2019-10-03T13:31:34Z">
          <reporter-output>
          </reporter-output>
        </test-method> <!-- loginTest -->
        <test-method status="PASS" signature="tearDown()[pri:0, instance:igt.tableMountain.qa.testcases.LoginPageTest@6b2fad11]" name="tearDown" is-config="true" duration-ms="175" started-at="2019-10-03T13:31:34Z" finished-at="2019-10-03T13:31:34Z">
          <reporter-output>
          </reporter-output>
        </test-method> <!-- tearDown -->
      </class> <!-- igt.tableMountain.qa.testcases.LoginPageTest -->
    </test> <!-- Command line test -->
  </suite> <!-- igt.tableMountain.qa.testcases.LoginPageTest -->
</testng-results>
