<?xml version="1.0" encoding="UTF-8" ?>
<testsuite tests="3" failures="0" name="igt.tableMountain.qa.testcases.LoginPageTest" time="0.953" errors="0" skipped="0">
  <properties>
[...]
</properties>
  <testcase classname="igt.tableMountain.qa.testcases.LoginPageTest" name="loginPageTitiletest" time="0.06"/>
  <testcase classname="igt.tableMountain.qa.testcases.LoginPageTest" name="igtLogoTest" time="0.237"/>
  <testcase classname="igt.tableMountain.qa.testcases.LoginPageTest" name="loginTest" time="0.656"/>
</testsuite>