<?xml version="1.0" encoding="UTF-8"?>
<testng-results ignored="0" total="3" passed="3" failed="0" skipped="0">
  <reporter-output>
  </reporter-output>
  <suite started-at="2019-10-02T21:07:09Z" name="igt.tableMountain.qa.testcases.LoginPageTest" finished-at="2019-10-02T21:07:45Z" duration-ms="36126">
    <groups>
    </groups>
    <test started-at="2019-10-02T21:07:09Z" name="Command line test" finished-at="2019-10-02T21:07:45Z" duration-ms="36126">
      <class name="igt.tableMountain.qa.testcases.LoginPageTest">
        <test-method is-config="true" signature="setUp()[pri:0, instance:igt.tableMountain.qa.testcases.LoginPageTest@17d677df]" started-at="2019-10-02T14:07:09Z" name="setUp" finished-at="2019-10-02T14:07:22Z" duration-ms="13177" status="PASS">
          <reporter-output>
          </reporter-output>
        </test-method> <!-- setUp -->
        <test-method signature="loginPageTitiletest()[pri:1, instance:igt.tableMountain.qa.testcases.LoginPageTest@17d677df]" started-at="2019-10-02T14:07:22Z" name="loginPageTitiletest" finished-at="2019-10-02T14:07:22Z" duration-ms="55" status="PASS">
          <reporter-output>
          </reporter-output>
        </test-method> <!-- loginPageTitiletest -->
        <test-method is-config="true" signature="tearDown()[pri:0, instance:igt.tableMountain.qa.testcases.LoginPageTest@17d677df]" started-at="2019-10-02T14:07:22Z" name="tearDown" finished-at="2019-10-02T14:07:22Z" duration-ms="170" status="PASS">
          <reporter-output>
          </reporter-output>
        </test-method> <!-- tearDown -->
        <test-method is-config="true" signature="setUp()[pri:0, instance:igt.tableMountain.qa.testcases.LoginPageTest@17d677df]" started-at="2019-10-02T14:07:22Z" name="setUp" finished-at="2019-10-02T14:07:33Z" duration-ms="10724" status="PASS">
          <reporter-output>
          </reporter-output>
        </test-method> <!-- setUp -->
        <test-method signature="igtLogoTest()[pri:2, instance:igt.tableMountain.qa.testcases.LoginPageTest@17d677df]" started-at="2019-10-02T14:07:33Z" name="igtLogoTest" finished-at="2019-10-02T14:07:33Z" duration-ms="236" status="PASS">
          <reporter-output>
          </reporter-output>
        </test-method> <!-- igtLogoTest -->
        <test-method is-config="true" signature="tearDown()[pri:0, instance:igt.tableMountain.qa.testcases.LoginPageTest@17d677df]" started-at="2019-10-02T14:07:33Z" name="tearDown" finished-at="2019-10-02T14:07:33Z" duration-ms="142" status="PASS">
          <reporter-output>
          </reporter-output>
        </test-method> <!-- tearDown -->
        <test-method is-config="true" signature="setUp()[pri:0, instance:igt.tableMountain.qa.testcases.LoginPageTest@17d677df]" started-at="2019-10-02T14:07:33Z" name="setUp" finished-at="2019-10-02T14:07:44Z" duration-ms="10716" status="PASS">
          <reporter-output>
          </reporter-output>
        </test-method> <!-- setUp -->
        <test-method signature="loginTest()[pri:3, instance:igt.tableMountain.qa.testcases.LoginPageTest@17d677df]" started-at="2019-10-02T14:07:44Z" name="loginTest" finished-at="2019-10-02T14:07:45Z" duration-ms="655" status="PASS">
          <reporter-output>
          </reporter-output>
        </test-method> <!-- loginTest -->
        <test-method is-config="true" signature="tearDown()[pri:0, instance:igt.tableMountain.qa.testcases.LoginPageTest@17d677df]" started-at="2019-10-02T14:07:45Z" name="tearDown" finished-at="2019-10-02T14:07:45Z" duration-ms="218" status="PASS">
          <reporter-output>
          </reporter-output>
        </test-method> <!-- tearDown -->
      </class> <!-- igt.tableMountain.qa.testcases.LoginPageTest -->
    </test> <!-- Command line test -->
  </suite> <!-- igt.tableMountain.qa.testcases.LoginPageTest -->
</testng-results>
