<?xml version="1.0" encoding="UTF-8"?>
<testng-results ignored="0" total="3" passed="3" failed="0" skipped="0">
  <reporter-output>
  </reporter-output>
  <suite started-at="2019-10-02T16:05:34Z" name="Default suite" finished-at="2019-10-02T16:06:13Z" duration-ms="39227">
    <groups>
    </groups>
    <test started-at="2019-10-02T16:05:34Z" name="Default test" finished-at="2019-10-02T16:06:13Z" duration-ms="39227">
      <class name="igt.tableMountain.qa.testcases.LoginPageTest">
        <test-method is-config="true" signature="setUp()[pri:0, instance:igt.tableMountain.qa.testcases.LoginPageTest@161b062a]" started-at="2019-10-02T09:05:34Z" name="setUp" finished-at="2019-10-02T09:05:46Z" duration-ms="12342" status="PASS">
          <reporter-output>
          </reporter-output>
        </test-method> <!-- setUp -->
        <test-method signature="loginPageTitiletest()[pri:1, instance:igt.tableMountain.qa.testcases.LoginPageTest@161b062a]" started-at="2019-10-02T09:05:46Z" name="loginPageTitiletest" finished-at="2019-10-02T09:05:46Z" duration-ms="17" status="PASS">
          <reporter-output>
          </reporter-output>
        </test-method> <!-- loginPageTitiletest -->
        <test-method is-config="true" signature="tearDown()[pri:0, instance:igt.tableMountain.qa.testcases.LoginPageTest@161b062a]" started-at="2019-10-02T09:05:46Z" name="tearDown" finished-at="2019-10-02T09:05:50Z" duration-ms="4085" status="PASS">
          <reporter-output>
          </reporter-output>
        </test-method> <!-- tearDown -->
        <test-method is-config="true" signature="setUp()[pri:0, instance:igt.tableMountain.qa.testcases.LoginPageTest@161b062a]" started-at="2019-10-02T09:05:50Z" name="setUp" finished-at="2019-10-02T09:06:01Z" duration-ms="10751" status="PASS">
          <reporter-output>
          </reporter-output>
        </test-method> <!-- setUp -->
        <test-method signature="igtLogoTest()[pri:2, instance:igt.tableMountain.qa.testcases.LoginPageTest@161b062a]" started-at="2019-10-02T09:06:01Z" name="igtLogoTest" finished-at="2019-10-02T09:06:01Z" duration-ms="234" status="PASS">
          <reporter-output>
          </reporter-output>
        </test-method> <!-- igtLogoTest -->
        <test-method is-config="true" signature="tearDown()[pri:0, instance:igt.tableMountain.qa.testcases.LoginPageTest@161b062a]" started-at="2019-10-02T09:06:01Z" name="tearDown" finished-at="2019-10-02T09:06:01Z" duration-ms="170" status="PASS">
          <reporter-output>
          </reporter-output>
        </test-method> <!-- tearDown -->
        <test-method is-config="true" signature="setUp()[pri:0, instance:igt.tableMountain.qa.testcases.LoginPageTest@161b062a]" started-at="2019-10-02T09:06:01Z" name="setUp" finished-at="2019-10-02T09:06:12Z" duration-ms="10787" status="PASS">
          <reporter-output>
          </reporter-output>
        </test-method> <!-- setUp -->
        <test-method signature="loginTest()[pri:3, instance:igt.tableMountain.qa.testcases.LoginPageTest@161b062a]" started-at="2019-10-02T09:06:12Z" name="loginTest" finished-at="2019-10-02T09:06:13Z" duration-ms="625" status="PASS">
          <reporter-output>
          </reporter-output>
        </test-method> <!-- loginTest -->
        <test-method is-config="true" signature="tearDown()[pri:0, instance:igt.tableMountain.qa.testcases.LoginPageTest@161b062a]" started-at="2019-10-02T09:06:13Z" name="tearDown" finished-at="2019-10-02T09:06:13Z" duration-ms="184" status="PASS">
          <reporter-output>
          </reporter-output>
        </test-method> <!-- tearDown -->
      </class> <!-- igt.tableMountain.qa.testcases.LoginPageTest -->
    </test> <!-- Default test -->
  </suite> <!-- Default suite -->
</testng-results>
