<?xml version="1.0" encoding="UTF-8"?>
<!-- Generated by org.testng.reporters.JUnitXMLReporter -->
<testsuite hostname="USLASDTANDELV" ignored="0" name="Command line test" tests="3" failures="0" timestamp="03 Oct 2019 20:31:34 GMT" time="38.74" errors="0">
  <testcase name="loginPageTitiletest" time="0.038" classname="igt.tableMountain.qa.testcases.LoginPageTest"/>
  <testcase name="igtLogoTest" time="0.192" classname="igt.tableMountain.qa.testcases.LoginPageTest"/>
  <testcase name="loginTest" time="0.555" classname="igt.tableMountain.qa.testcases.LoginPageTest"/>
</testsuite> <!-- Command line test -->
